<?xml version="1.0" encoding="UTF-8"?>
<!-- Generated by org.testng.reporters.JUnitReportReporter -->
<testsuite hostname="DESKTOP-0H46EIU" failures="0" tests="3" name="com.practice.CreateOrganization" time="0.021" errors="0" timestamp="2021-08-24T17:57:32 IST" skipped="0">
  <testcase classname="com.practice.CreateOrganization" name="modifyOrganisation" time="0.002"/>
  <system-out/>
  <testcase classname="com.practice.CreateOrganization" name="createOrganisationTest" time="0.017"/>
  <system-out/>
  <testcase classname="com.practice.CreateOrganization" name="deleteOrganisation" time="0.002"/>
  <system-out/>
</testsuite> <!-- com.practice.CreateOrganization -->
